{
  message: '✌️ Data base connected success fully ✌️',
  level: 'info',
  label: 'right now!',
  timestamp: '2025-01-08T16:01:22.184Z'
}
{
  message: 'Server is running on PORT 5000',
  level: 'info',
  label: 'right now!',
  timestamp: '2025-01-08T16:01:22.192Z'
}
{
  message: '✌️ Data base connected success fully ✌️',
  level: 'info',
  label: 'right now!',
  timestamp: '2025-01-08T16:01:58.519Z'
}
{
  message: 'Server is running on PORT 5000',
  level: 'info',
  label: 'right now!',
  timestamp: '2025-01-08T16:01:58.525Z'
}
{
  message: '✌️ Data base connected success fully ✌️',
  level: 'info',
  label: 'right now!',
  timestamp: '2025-01-08T16:03:17.563Z'
}
{
  message: 'Server is running on PORT 5000',
  level: 'info',
  label: 'right now!',
  timestamp: '2025-01-08T16:03:17.568Z'
}
{
  message: '✌️ Data base connected success fully ✌️',
  level: 'info',
  label: 'right now!',
  timestamp: '2025-01-08T16:03:55.330Z'
}
{
  message: 'Server is running on PORT 5000',
  level: 'info',
  label: 'right now!',
  timestamp: '2025-01-08T16:03:55.336Z'
}
{
  message: '✌️ Data base connected success fully ✌️',
  level: 'info',
  label: 'right now!',
  timestamp: '2025-01-08T16:15:43.395Z'
}
{
  message: '✌️ Data base connected success fully ✌️',
  level: 'info',
  label: 'right now!',
  timestamp: '2025-01-08T16:16:39.402Z'
}
{
  message: '✌️ Data base connected success fully ✌️',
  level: 'info',
  label: 'right now!',
  timestamp: '2025-01-08T16:18:47.970Z'
}
{
  message: 'Server is running on PORT 5000',
  level: 'info',
  label: 'right now!',
  timestamp: '2025-01-08T16:18:47.986Z'
}
{
  message: '✌️ Data base connected success fully ✌️',
  level: 'info',
  label: 'right now!',
  timestamp: '2025-01-08T16:24:41.679Z'
}
{
  message: 'Server is running on PORT 5000',
  level: 'info',
  label: 'right now!',
  timestamp: '2025-01-08T16:24:41.687Z'
}
{
  message: '✌️ Data base connected success fully ✌️',
  level: 'info',
  label: 'right now!',
  timestamp: '2025-01-08T16:25:05.651Z'
}
{
  message: 'Server is running on PORT 5000',
  level: 'info',
  label: 'right now!',
  timestamp: '2025-01-08T16:25:05.658Z'
}
{
  message: '✌️ Data base connected success fully ✌️',
  level: 'info',
  label: 'right now!',
  timestamp: '2025-01-08T16:29:45.781Z'
}
{
  message: 'Server is running on PORT 5000',
  level: 'info',
  label: 'right now!',
  timestamp: '2025-01-08T16:29:45.789Z'
}
{
  message: '✌️ Data base connected success fully ✌️',
  level: 'info',
  label: 'right now!',
  timestamp: '2025-01-08T16:32:53.810Z'
}
{
  message: 'Server is running on PORT 5000',
  level: 'info',
  label: 'right now!',
  timestamp: '2025-01-08T16:32:53.817Z'
}
{
  message: '✌️ Data base connected success fully ✌️',
  level: 'info',
  label: 'right now!',
  timestamp: '2025-01-08T16:33:24.269Z'
}
{
  message: 'Server is running on PORT 5000',
  level: 'info',
  label: 'right now!',
  timestamp: '2025-01-08T16:33:24.275Z'
}
{
  message: '✌️ Data base connected success fully ✌️',
  level: 'info',
  label: 'right now!',
  timestamp: '2025-01-08T16:35:27.162Z'
}
{
  message: 'Server is running on PORT 5000',
  level: 'info',
  label: 'right now!',
  timestamp: '2025-01-08T16:35:27.169Z'
}
{
  message: '✌️ Data base connected success fully ✌️',
  level: 'info',
  label: 'right now!',
  timestamp: '2025-01-08T16:47:29.273Z'
}
{
  message: 'Server is running on PORT 5000',
  level: 'info',
  label: 'right now!',
  timestamp: '2025-01-08T16:47:29.281Z'
}
{
  message: '✌️ Data base connected success fully ✌️',
  level: 'info',
  label: 'right now!',
  timestamp: '2025-01-08T16:55:13.578Z'
}
{
  message: 'Server is running on PORT 5000',
  level: 'info',
  label: 'right now!',
  timestamp: '2025-01-08T16:55:13.585Z'
}
{
  message: '✌️ Data base connected success fully ✌️',
  level: 'info',
  label: 'right now!',
  timestamp: '2025-01-08T16:55:44.024Z'
}
{
  message: 'Server is running on PORT 5000',
  level: 'info',
  label: 'right now!',
  timestamp: '2025-01-08T16:55:44.034Z'
}
{
  message: '✌️ Data base connected success fully ✌️',
  level: 'info',
  label: 'right now!',
  timestamp: '2025-01-08T16:58:33.527Z'
}
{
  message: 'Server is running on PORT 5000',
  level: 'info',
  label: 'right now!',
  timestamp: '2025-01-08T16:58:33.532Z'
}
