{
  message: '✌️ Data base connected success fully ✌️',
  level: 'info',
  label: 'right now!',
  timestamp: '2025-01-15T16:52:21.040Z'
}
{
  message: '✌️ Data base connected success fully ✌️',
  level: 'info',
  label: 'right now!',
  timestamp: '2025-01-15T16:53:41.238Z'
}
{
  message: '✌️ Data base connected success fully ✌️',
  level: 'info',
  label: 'right now!',
  timestamp: '2025-01-15T16:53:57.127Z'
}
{
  message: 'Server is running on PORT 7000',
  level: 'info',
  label: 'right now!',
  timestamp: '2025-01-15T16:53:57.132Z'
}
{
  message: '✌️ Data base connected success fully ✌️',
  level: 'info',
  label: 'right now!',
  timestamp: '2025-01-15T16:54:14.749Z'
}
{
  message: '✌️ Data base connected success fully ✌️',
  level: 'info',
  label: 'right now!',
  timestamp: '2025-01-15T16:54:28.023Z'
}
{
  message: 'Server is running on PORT 7000',
  level: 'info',
  label: 'right now!',
  timestamp: '2025-01-15T16:54:28.030Z'
}
{
  message: '✌️ Data base connected success fully ✌️',
  level: 'info',
  label: 'right now!',
  timestamp: '2025-01-15T16:58:46.862Z'
}
{
  message: '✌️ Data base connected success fully ✌️',
  level: 'info',
  label: 'right now!',
  timestamp: '2025-01-15T16:59:37.191Z'
}
{
  message: '✌️ Data base connected success fully ✌️',
  level: 'info',
  label: 'right now!',
  timestamp: '2025-01-15T16:59:55.860Z'
}
{
  message: 'Server is running on PORT 7000',
  level: 'info',
  label: 'right now!',
  timestamp: '2025-01-15T16:59:55.868Z'
}
