{
  message: '✌️ Data base connected success fully ✌️',
  level: 'info',
  label: 'right now!',
  timestamp: '2025-01-20T16:02:05.801Z'
}
{
  message: '⛳ Server is running on PORT 7000 ⛳',
  level: 'info',
  label: 'right now!',
  timestamp: '2025-01-20T16:02:05.807Z'
}
{
  message: '✌️ Data base connected success fully ✌️',
  level: 'info',
  label: 'right now!',
  timestamp: '2025-01-20T16:09:30.211Z'
}
{
  message: '⛳ Server is running on PORT 7000 ⛳',
  level: 'info',
  label: 'right now!',
  timestamp: '2025-01-20T16:09:30.218Z'
}
{
  message: '✌️ Data base connected success fully ✌️',
  level: 'info',
  label: 'right now!',
  timestamp: '2025-01-20T16:11:05.032Z'
}
{
  message: '⛳ Server is running on PORT 7000 ⛳',
  level: 'info',
  label: 'right now!',
  timestamp: '2025-01-20T16:11:05.040Z'
}
