{
  message: '✌️ Data base connected success fully ✌️',
  level: 'info',
  label: 'right now!',
  timestamp: '2025-01-05T17:00:51.911Z'
}
{
  message: 'Server is running on PORT 8000',
  level: 'info',
  label: 'right now!',
  timestamp: '2025-01-05T17:00:51.918Z'
}
{
  message: '✌️ Data base connected success fully ✌️',
  level: 'info',
  label: 'right now!',
  timestamp: '2025-01-05T17:02:35.310Z'
}
{
  message: 'Server is running on PORT 8000',
  level: 'info',
  label: 'right now!',
  timestamp: '2025-01-05T17:02:35.316Z'
}
{
  message: '✌️ Data base connected success fully ✌️',
  level: 'info',
  label: 'right now!',
  timestamp: '2025-01-05T17:03:27.734Z'
}
{
  message: 'Server is running on PORT 8000',
  level: 'info',
  label: 'right now!',
  timestamp: '2025-01-05T17:03:27.739Z'
}
{
  message: '✌️ Data base connected success fully ✌️',
  level: 'info',
  label: 'right now!',
  timestamp: '2025-01-05T17:06:34.197Z'
}
{
  message: 'Server is running on PORT 8000',
  level: 'info',
  label: 'right now!',
  timestamp: '2025-01-05T17:06:34.202Z'
}
{
  message: '✌️ Data base connected success fully ✌️',
  level: 'info',
  label: 'right now!',
  timestamp: '2025-01-05T17:07:55.441Z'
}
{
  message: 'Server is running on PORT 8000',
  level: 'info',
  label: 'right now!',
  timestamp: '2025-01-05T17:07:55.447Z'
}
{
  message: '✌️ Data base connected success fully ✌️',
  level: 'info',
  label: 'right now!',
  timestamp: '2025-01-05T17:08:06.328Z'
}
{
  message: 'Server is running on PORT 8000',
  level: 'info',
  label: 'right now!',
  timestamp: '2025-01-05T17:08:06.339Z'
}
{
  message: '✌️ Data base connected success fully ✌️',
  level: 'info',
  label: 'right now!',
  timestamp: '2025-01-05T17:09:22.738Z'
}
{
  message: 'Server is running on PORT 8000',
  level: 'info',
  label: 'right now!',
  timestamp: '2025-01-05T17:09:22.747Z'
}
