{
  message: '✌️ Data base connected success fully ✌️',
  level: 'info',
  label: 'right now!',
  timestamp: '2025-01-17T15:16:25.883Z'
}
{
  message: '⛳ Server is running on PORT 7000 ⛳',
  level: 'info',
  label: 'right now!',
  timestamp: '2025-01-17T15:16:25.893Z'
}
{
  message: '✌️ Data base connected success fully ✌️',
  level: 'info',
  label: 'right now!',
  timestamp: '2025-01-17T15:21:25.608Z'
}
{
  message: '⛳ Server is running on PORT 7000 ⛳',
  level: 'info',
  label: 'right now!',
  timestamp: '2025-01-17T15:21:25.614Z'
}
{
  message: '✌️ Data base connected success fully ✌️',
  level: 'info',
  label: 'right now!',
  timestamp: '2025-01-17T15:22:40.961Z'
}
{
  message: '⛳ Server is running on PORT 7000 ⛳',
  level: 'info',
  label: 'right now!',
  timestamp: '2025-01-17T15:22:40.967Z'
}
{
  message: '✌️ Data base connected success fully ✌️',
  level: 'info',
  label: 'right now!',
  timestamp: '2025-01-17T15:30:23.857Z'
}
{
  message: '⛳ Server is running on PORT 7000 ⛳',
  level: 'info',
  label: 'right now!',
  timestamp: '2025-01-17T15:30:23.863Z'
}
{
  message: '✌️ Data base connected success fully ✌️',
  level: 'info',
  label: 'right now!',
  timestamp: '2025-01-17T15:31:25.301Z'
}
{
  message: '⛳ Server is running on PORT 7000 ⛳',
  level: 'info',
  label: 'right now!',
  timestamp: '2025-01-17T15:31:25.306Z'
}
{
  message: '✌️ Data base connected success fully ✌️',
  level: 'info',
  label: 'right now!',
  timestamp: '2025-01-17T15:33:49.739Z'
}
{
  message: '⛳ Server is running on PORT 7000 ⛳',
  level: 'info',
  label: 'right now!',
  timestamp: '2025-01-17T15:33:49.745Z'
}
{
  message: '✌️ Data base connected success fully ✌️',
  level: 'info',
  label: 'right now!',
  timestamp: '2025-01-17T15:47:52.552Z'
}
{
  message: '⛳ Server is running on PORT 7000 ⛳',
  level: 'info',
  label: 'right now!',
  timestamp: '2025-01-17T15:47:52.561Z'
}
{
  message: '✌️ Data base connected success fully ✌️',
  level: 'info',
  label: 'right now!',
  timestamp: '2025-01-17T15:48:30.787Z'
}
{
  message: '⛳ Server is running on PORT 7000 ⛳',
  level: 'info',
  label: 'right now!',
  timestamp: '2025-01-17T15:48:30.793Z'
}
{
  message: '✌️ Data base connected success fully ✌️',
  level: 'info',
  label: 'right now!',
  timestamp: '2025-01-17T15:48:57.139Z'
}
{
  message: '⛳ Server is running on PORT 7000 ⛳',
  level: 'info',
  label: 'right now!',
  timestamp: '2025-01-17T15:48:57.145Z'
}
{
  message: '✌️ Data base connected success fully ✌️',
  level: 'info',
  label: 'right now!',
  timestamp: '2025-01-17T15:52:17.297Z'
}
{
  message: '⛳ Server is running on PORT 7000 ⛳',
  level: 'info',
  label: 'right now!',
  timestamp: '2025-01-17T15:52:17.304Z'
}
{
  message: '✌️ Data base connected success fully ✌️',
  level: 'info',
  label: 'right now!',
  timestamp: '2025-01-17T15:55:24.113Z'
}
{
  message: '⛳ Server is running on PORT 5000 ⛳',
  level: 'info',
  label: 'right now!',
  timestamp: '2025-01-17T15:55:24.119Z'
}
