{
  message: '✌️ Data base connected success fully ✌️',
  level: 'info',
  label: 'right now!',
  timestamp: '2025-01-05T16:00:51.776Z'
}
{
  message: 'Server is running on PORT 8000',
  level: 'info',
  label: 'right now!',
  timestamp: '2025-01-05T16:00:51.782Z'
}
{
  message: '✌️ Data base connected success fully ✌️',
  level: 'info',
  label: 'right now!',
  timestamp: '2025-01-05T16:30:06.817Z'
}
{
  message: 'Server is running on PORT 8000',
  level: 'info',
  label: 'right now!',
  timestamp: '2025-01-05T16:30:06.823Z'
}
{
  message: '✌️ Data base connected success fully ✌️',
  level: 'info',
  label: 'right now!',
  timestamp: '2025-01-05T16:35:39.468Z'
}
{
  message: 'Server is running on PORT 8000',
  level: 'info',
  label: 'right now!',
  timestamp: '2025-01-05T16:35:39.476Z'
}
{
  message: '✌️ Data base connected success fully ✌️',
  level: 'info',
  label: 'right now!',
  timestamp: '2025-01-05T16:36:24.467Z'
}
{
  message: 'Server is running on PORT 8000',
  level: 'info',
  label: 'right now!',
  timestamp: '2025-01-05T16:36:24.473Z'
}
{
  message: '✌️ Data base connected success fully ✌️',
  level: 'info',
  label: 'right now!',
  timestamp: '2025-01-05T16:53:51.221Z'
}
{
  message: 'Server is running on PORT 8000',
  level: 'info',
  label: 'right now!',
  timestamp: '2025-01-05T16:53:51.227Z'
}
{
  message: '✌️ Data base connected success fully ✌️',
  level: 'info',
  label: 'right now!',
  timestamp: '2025-01-05T16:54:51.336Z'
}
{
  message: 'Server is running on PORT 8000',
  level: 'info',
  label: 'right now!',
  timestamp: '2025-01-05T16:54:51.343Z'
}
{
  message: '✌️ Data base connected success fully ✌️',
  level: 'info',
  label: 'right now!',
  timestamp: '2025-01-05T16:55:22.128Z'
}
{
  message: 'Server is running on PORT 8000',
  level: 'info',
  label: 'right now!',
  timestamp: '2025-01-05T16:55:22.134Z'
}
{
  message: '✌️ Data base connected success fully ✌️',
  level: 'info',
  label: 'right now!',
  timestamp: '2025-01-05T16:56:07.142Z'
}
{
  message: 'Server is running on PORT 8000',
  level: 'info',
  label: 'right now!',
  timestamp: '2025-01-05T16:56:07.150Z'
}
{
  message: '✌️ Data base connected success fully ✌️',
  level: 'info',
  label: 'right now!',
  timestamp: '2025-01-05T16:57:25.239Z'
}
{
  message: 'Server is running on PORT 8000',
  level: 'info',
  label: 'right now!',
  timestamp: '2025-01-05T16:57:25.244Z'
}
{
  message: '✌️ Data base connected success fully ✌️',
  level: 'info',
  label: 'right now!',
  timestamp: '2025-01-05T16:58:55.934Z'
}
{
  message: 'Server is running on PORT 8000',
  level: 'info',
  label: 'right now!',
  timestamp: '2025-01-05T16:58:55.939Z'
}
{
  message: '✌️ Data base connected success fully ✌️',
  level: 'info',
  label: 'right now!',
  timestamp: '2025-01-05T16:59:38.529Z'
}
{
  message: 'Server is running on PORT 8000',
  level: 'info',
  label: 'right now!',
  timestamp: '2025-01-05T16:59:38.537Z'
}
