{
  message: '✌️ Data base connected success fully ✌️',
  level: 'info',
  label: 'right now!',
  timestamp: '2025-01-07T19:05:00.547Z'
}
{
  message: 'Server is running on PORT 5000',
  level: 'info',
  label: 'right now!',
  timestamp: '2025-01-07T19:05:00.554Z'
}
{
  message: '✌️ Data base connected success fully ✌️',
  level: 'info',
  label: 'right now!',
  timestamp: '2025-01-07T19:09:58.144Z'
}
{
  message: 'Server is running on PORT 5000',
  level: 'info',
  label: 'right now!',
  timestamp: '2025-01-07T19:09:58.151Z'
}
{
  message: '✌️ Data base connected success fully ✌️',
  level: 'info',
  label: 'right now!',
  timestamp: '2025-01-07T19:10:12.864Z'
}
{
  message: 'Server is running on PORT 5000',
  level: 'info',
  label: 'right now!',
  timestamp: '2025-01-07T19:10:12.870Z'
}
{
  message: '✌️ Data base connected success fully ✌️',
  level: 'info',
  label: 'right now!',
  timestamp: '2025-01-07T19:11:16.485Z'
}
{
  message: 'Server is running on PORT 5000',
  level: 'info',
  label: 'right now!',
  timestamp: '2025-01-07T19:11:16.491Z'
}
{
  message: '✌️ Data base connected success fully ✌️',
  level: 'info',
  label: 'right now!',
  timestamp: '2025-01-07T19:15:33.613Z'
}
{
  message: 'Server is running on PORT 5000',
  level: 'info',
  label: 'right now!',
  timestamp: '2025-01-07T19:15:33.620Z'
}
{
  message: '✌️ Data base connected success fully ✌️',
  level: 'info',
  label: 'right now!',
  timestamp: '2025-01-07T19:16:36.226Z'
}
{
  message: 'Server is running on PORT 5000',
  level: 'info',
  label: 'right now!',
  timestamp: '2025-01-07T19:16:36.233Z'
}
{
  message: '✌️ Data base connected success fully ✌️',
  level: 'info',
  label: 'right now!',
  timestamp: '2025-01-07T19:22:13.302Z'
}
{
  message: 'Server is running on PORT 5000',
  level: 'info',
  label: 'right now!',
  timestamp: '2025-01-07T19:22:13.308Z'
}
{
  message: '✌️ Data base connected success fully ✌️',
  level: 'info',
  label: 'right now!',
  timestamp: '2025-01-07T19:24:45.965Z'
}
{
  message: 'Server is running on PORT 5000',
  level: 'info',
  label: 'right now!',
  timestamp: '2025-01-07T19:24:45.973Z'
}
{
  message: '✌️ Data base connected success fully ✌️',
  level: 'info',
  label: 'right now!',
  timestamp: '2025-01-07T19:26:57.006Z'
}
{
  message: 'Server is running on PORT 5000',
  level: 'info',
  label: 'right now!',
  timestamp: '2025-01-07T19:26:57.012Z'
}
{
  message: '✌️ Data base connected success fully ✌️',
  level: 'info',
  label: 'right now!',
  timestamp: '2025-01-07T19:27:20.284Z'
}
{
  message: 'Server is running on PORT 5000',
  level: 'info',
  label: 'right now!',
  timestamp: '2025-01-07T19:27:20.289Z'
}
{
  message: '✌️ Data base connected success fully ✌️',
  level: 'info',
  label: 'right now!',
  timestamp: '2025-01-07T19:27:54.753Z'
}
{
  message: 'Server is running on PORT 5000',
  level: 'info',
  label: 'right now!',
  timestamp: '2025-01-07T19:27:54.783Z'
}
{
  message: '✌️ Data base connected success fully ✌️',
  level: 'info',
  label: 'right now!',
  timestamp: '2025-01-07T19:32:07.500Z'
}
{
  message: 'Server is running on PORT 5000',
  level: 'info',
  label: 'right now!',
  timestamp: '2025-01-07T19:32:07.505Z'
}
{
  message: '✌️ Data base connected success fully ✌️',
  level: 'info',
  label: 'right now!',
  timestamp: '2025-01-07T19:40:19.166Z'
}
{
  message: 'Server is running on PORT 5000',
  level: 'info',
  label: 'right now!',
  timestamp: '2025-01-07T19:40:19.173Z'
}
{
  message: '✌️ Data base connected success fully ✌️',
  level: 'info',
  label: 'right now!',
  timestamp: '2025-01-07T19:43:35.979Z'
}
{
  message: 'Server is running on PORT 5000',
  level: 'info',
  label: 'right now!',
  timestamp: '2025-01-07T19:43:35.989Z'
}
{
  message: '✌️ Data base connected success fully ✌️',
  level: 'info',
  label: 'right now!',
  timestamp: '2025-01-07T19:46:58.570Z'
}
{
  message: '✌️ Data base connected success fully ✌️',
  level: 'info',
  label: 'right now!',
  timestamp: '2025-01-07T19:47:24.369Z'
}
{
  message: '✌️ Data base connected success fully ✌️',
  level: 'info',
  label: 'right now!',
  timestamp: '2025-01-07T19:47:45.312Z'
}
{
  message: '✌️ Data base connected success fully ✌️',
  level: 'info',
  label: 'right now!',
  timestamp: '2025-01-07T19:47:56.643Z'
}
{
  message: '✌️ Data base connected success fully ✌️',
  level: 'info',
  label: 'right now!',
  timestamp: '2025-01-07T19:58:48.356Z'
}
