{
  message: '✌️ Data base connected success fully ✌️',
  level: 'info',
  label: 'right now!',
  timestamp: '2025-01-13T14:07:01.285Z'
}
{
  message: 'Server is running on PORT 5000',
  level: 'info',
  label: 'right now!',
  timestamp: '2025-01-13T14:07:01.314Z'
}
{
  message: '✌️ Data base connected success fully ✌️',
  level: 'info',
  label: 'right now!',
  timestamp: '2025-01-13T14:17:26.560Z'
}
{
  message: 'Server is running on PORT 5000',
  level: 'info',
  label: 'right now!',
  timestamp: '2025-01-13T14:17:26.621Z'
}
{
  message: '✌️ Data base connected success fully ✌️',
  level: 'info',
  label: 'right now!',
  timestamp: '2025-01-13T14:18:56.248Z'
}
{
  message: 'Server is running on PORT 5000',
  level: 'info',
  label: 'right now!',
  timestamp: '2025-01-13T14:18:56.259Z'
}
{
  message: '✌️ Data base connected success fully ✌️',
  level: 'info',
  label: 'right now!',
  timestamp: '2025-01-13T14:19:45.055Z'
}
{
  message: 'Server is running on PORT 5000',
  level: 'info',
  label: 'right now!',
  timestamp: '2025-01-13T14:19:45.066Z'
}
{
  message: '✌️ Data base connected success fully ✌️',
  level: 'info',
  label: 'right now!',
  timestamp: '2025-01-13T14:25:50.680Z'
}
{
  message: 'Server is running on PORT 5000',
  level: 'info',
  label: 'right now!',
  timestamp: '2025-01-13T14:25:50.692Z'
}
{
  message: '✌️ Data base connected success fully ✌️',
  level: 'info',
  label: 'right now!',
  timestamp: '2025-01-13T14:28:54.605Z'
}
{
  message: 'Server is running on PORT 5000',
  level: 'info',
  label: 'right now!',
  timestamp: '2025-01-13T14:28:54.618Z'
}
{
  message: '✌️ Data base connected success fully ✌️',
  level: 'info',
  label: 'right now!',
  timestamp: '2025-01-13T14:30:03.418Z'
}
{
  message: 'Server is running on PORT 5000',
  level: 'info',
  label: 'right now!',
  timestamp: '2025-01-13T14:30:03.430Z'
}
