{
  message: '✌️ Data base connected success fully ✌️',
  level: 'info',
  label: 'right now!',
  timestamp: '2025-01-13T16:07:30.324Z'
}
{
  message: 'Server is running on PORT 5000',
  level: 'info',
  label: 'right now!',
  timestamp: '2025-01-13T16:07:30.330Z'
}
{
  message: '✌️ Data base connected success fully ✌️',
  level: 'info',
  label: 'right now!',
  timestamp: '2025-01-13T16:09:11.931Z'
}
{
  message: 'Server is running on PORT 5000',
  level: 'info',
  label: 'right now!',
  timestamp: '2025-01-13T16:09:11.939Z'
}
{
  message: '✌️ Data base connected success fully ✌️',
  level: 'info',
  label: 'right now!',
  timestamp: '2025-01-13T16:12:21.169Z'
}
{
  message: 'Server is running on PORT 5000',
  level: 'info',
  label: 'right now!',
  timestamp: '2025-01-13T16:12:21.176Z'
}
{
  message: '✌️ Data base connected success fully ✌️',
  level: 'info',
  label: 'right now!',
  timestamp: '2025-01-13T16:12:57.125Z'
}
{
  message: 'Server is running on PORT 5000',
  level: 'info',
  label: 'right now!',
  timestamp: '2025-01-13T16:12:57.132Z'
}
{
  message: '✌️ Data base connected success fully ✌️',
  level: 'info',
  label: 'right now!',
  timestamp: '2025-01-13T16:13:32.804Z'
}
{
  message: 'Server is running on PORT 5000',
  level: 'info',
  label: 'right now!',
  timestamp: '2025-01-13T16:13:32.810Z'
}
{
  message: '✌️ Data base connected success fully ✌️',
  level: 'info',
  label: 'right now!',
  timestamp: '2025-01-13T16:15:26.392Z'
}
{
  message: 'Server is running on PORT 5000',
  level: 'info',
  label: 'right now!',
  timestamp: '2025-01-13T16:15:26.398Z'
}
{
  message: '✌️ Data base connected success fully ✌️',
  level: 'info',
  label: 'right now!',
  timestamp: '2025-01-13T16:16:06.993Z'
}
{
  message: 'Server is running on PORT 5000',
  level: 'info',
  label: 'right now!',
  timestamp: '2025-01-13T16:16:07.000Z'
}
{
  message: '✌️ Data base connected success fully ✌️',
  level: 'info',
  label: 'right now!',
  timestamp: '2025-01-13T16:16:55.048Z'
}
{
  message: 'Server is running on PORT 5000',
  level: 'info',
  label: 'right now!',
  timestamp: '2025-01-13T16:16:55.056Z'
}
