{
  message: '✌️ Data base connected success fully ✌️',
  level: 'info',
  label: 'right now!',
  timestamp: '2025-01-07T16:01:32.412Z'
}
{
  message: 'Server is running on PORT 8000',
  level: 'info',
  label: 'right now!',
  timestamp: '2025-01-07T16:01:32.433Z'
}
{
  message: '✌️ Data base connected success fully ✌️',
  level: 'info',
  label: 'right now!',
  timestamp: '2025-01-07T16:23:20.836Z'
}
{
  message: 'Server is running on PORT 8000',
  level: 'info',
  label: 'right now!',
  timestamp: '2025-01-07T16:23:20.844Z'
}
{
  message: '✌️ Data base connected success fully ✌️',
  level: 'info',
  label: 'right now!',
  timestamp: '2025-01-07T16:23:43.494Z'
}
{
  message: 'Server is running on PORT 8000',
  level: 'info',
  label: 'right now!',
  timestamp: '2025-01-07T16:23:43.501Z'
}
{
  message: '✌️ Data base connected success fully ✌️',
  level: 'info',
  label: 'right now!',
  timestamp: '2025-01-07T16:27:24.268Z'
}
{
  message: 'Server is running on PORT 8000',
  level: 'info',
  label: 'right now!',
  timestamp: '2025-01-07T16:27:24.277Z'
}
{
  message: '✌️ Data base connected success fully ✌️',
  level: 'info',
  label: 'right now!',
  timestamp: '2025-01-07T16:27:47.422Z'
}
{
  message: 'Server is running on PORT 8000',
  level: 'info',
  label: 'right now!',
  timestamp: '2025-01-07T16:27:47.429Z'
}
{
  message: '✌️ Data base connected success fully ✌️',
  level: 'info',
  label: 'right now!',
  timestamp: '2025-01-07T16:29:11.671Z'
}
{
  message: 'Server is running on PORT 8000',
  level: 'info',
  label: 'right now!',
  timestamp: '2025-01-07T16:29:11.676Z'
}
{
  message: '✌️ Data base connected success fully ✌️',
  level: 'info',
  label: 'right now!',
  timestamp: '2025-01-07T16:56:40.094Z'
}
{
  message: 'Server is running on PORT 8000',
  level: 'info',
  label: 'right now!',
  timestamp: '2025-01-07T16:56:40.100Z'
}
{
  message: '✌️ Data base connected success fully ✌️',
  level: 'info',
  label: 'right now!',
  timestamp: '2025-01-07T16:57:45.584Z'
}
{
  message: 'Server is running on PORT 8000',
  level: 'info',
  label: 'right now!',
  timestamp: '2025-01-07T16:57:45.590Z'
}
{
  message: '✌️ Data base connected success fully ✌️',
  level: 'info',
  label: 'right now!',
  timestamp: '2025-01-07T16:59:04.236Z'
}
{
  message: 'Server is running on PORT 8000',
  level: 'info',
  label: 'right now!',
  timestamp: '2025-01-07T16:59:04.243Z'
}
