{
  message: '✌️ Data base connected success fully ✌️',
  level: 'info',
  label: 'right now!',
  timestamp: '2025-01-15T17:01:16.566Z'
}
{
  message: '⛳ Server is running on PORT 7000 ⛳',
  level: 'info',
  label: 'right now!',
  timestamp: '2025-01-15T17:01:16.573Z'
}
{
  message: '✌️ Data base connected success fully ✌️',
  level: 'info',
  label: 'right now!',
  timestamp: '2025-01-15T17:06:23.164Z'
}
{
  message: '⛳ Server is running on PORT 7000 ⛳',
  level: 'info',
  label: 'right now!',
  timestamp: '2025-01-15T17:06:23.172Z'
}
{
  message: '✌️ Data base connected success fully ✌️',
  level: 'info',
  label: 'right now!',
  timestamp: '2025-01-15T17:08:09.052Z'
}
{
  message: '⛳ Server is running on PORT 7000 ⛳',
  level: 'info',
  label: 'right now!',
  timestamp: '2025-01-15T17:08:09.059Z'
}
{
  message: '✌️ Data base connected success fully ✌️',
  level: 'info',
  label: 'right now!',
  timestamp: '2025-01-15T17:24:05.605Z'
}
{
  message: '⛳ Server is running on PORT 7000 ⛳',
  level: 'info',
  label: 'right now!',
  timestamp: '2025-01-15T17:24:05.613Z'
}
