{
  message: '✌️ Data base connected success fully ✌️',
  level: 'info',
  label: 'right now!',
  timestamp: '2025-01-18T18:11:21.309Z'
}
{
  message: '⛳ Server is running on PORT 7000 ⛳',
  level: 'info',
  label: 'right now!',
  timestamp: '2025-01-18T18:11:21.315Z'
}
{
  message: '✌️ Data base connected success fully ✌️',
  level: 'info',
  label: 'right now!',
  timestamp: '2025-01-18T18:13:11.470Z'
}
{
  message: '⛳ Server is running on PORT 7000 ⛳',
  level: 'info',
  label: 'right now!',
  timestamp: '2025-01-18T18:13:11.477Z'
}
{
  message: '✌️ Data base connected success fully ✌️',
  level: 'info',
  label: 'right now!',
  timestamp: '2025-01-18T18:16:02.589Z'
}
{
  message: '⛳ Server is running on PORT 7000 ⛳',
  level: 'info',
  label: 'right now!',
  timestamp: '2025-01-18T18:16:02.596Z'
}
{
  message: '✌️ Data base connected success fully ✌️',
  level: 'info',
  label: 'right now!',
  timestamp: '2025-01-18T18:18:14.434Z'
}
{
  message: '⛳ Server is running on PORT 7000 ⛳',
  level: 'info',
  label: 'right now!',
  timestamp: '2025-01-18T18:18:14.441Z'
}
{
  message: '✌️ Data base connected success fully ✌️',
  level: 'info',
  label: 'right now!',
  timestamp: '2025-01-18T18:22:04.908Z'
}
{
  message: '⛳ Server is running on PORT 7000 ⛳',
  level: 'info',
  label: 'right now!',
  timestamp: '2025-01-18T18:22:04.915Z'
}
{
  message: '✌️ Data base connected success fully ✌️',
  level: 'info',
  label: 'right now!',
  timestamp: '2025-01-18T18:23:33.829Z'
}
{
  message: '⛳ Server is running on PORT 7000 ⛳',
  level: 'info',
  label: 'right now!',
  timestamp: '2025-01-18T18:23:33.835Z'
}
