{
  message: '✌️ Data base connected success fully ✌️',
  level: 'info',
  label: 'right now!',
  timestamp: '2025-01-04T14:46:24.190Z'
}
{
  message: 'Server is running on PORT 8000',
  level: 'info',
  label: 'right now!',
  timestamp: '2025-01-04T14:46:24.197Z'
}
{
  message: '✌️ Data base connected success fully ✌️',
  level: 'info',
  label: 'right now!',
  timestamp: '2025-01-04T14:49:52.860Z'
}
{
  message: 'Server is running on PORT 8000',
  level: 'info',
  label: 'right now!',
  timestamp: '2025-01-04T14:49:52.868Z'
}
