{
  message: '✌️ Data base connected success fully ✌️',
  level: 'info',
  label: 'right now!',
  timestamp: '2025-01-15T15:16:54.623Z'
}
{
  message: 'Server is running on PORT 5000',
  level: 'info',
  label: 'right now!',
  timestamp: '2025-01-15T15:16:54.629Z'
}
{
  message: '✌️ Data base connected success fully ✌️',
  level: 'info',
  label: 'right now!',
  timestamp: '2025-01-15T15:18:55.289Z'
}
{
  message: 'Server is running on PORT 5000',
  level: 'info',
  label: 'right now!',
  timestamp: '2025-01-15T15:18:55.296Z'
}
{
  message: '✌️ Data base connected success fully ✌️',
  level: 'info',
  label: 'right now!',
  timestamp: '2025-01-15T15:22:04.698Z'
}
{
  message: 'Server is running on PORT 5000',
  level: 'info',
  label: 'right now!',
  timestamp: '2025-01-15T15:22:04.707Z'
}
{
  message: '✌️ Data base connected success fully ✌️',
  level: 'info',
  label: 'right now!',
  timestamp: '2025-01-15T15:22:20.921Z'
}
{
  message: 'Server is running on PORT 5000',
  level: 'info',
  label: 'right now!',
  timestamp: '2025-01-15T15:22:20.928Z'
}
{
  message: '✌️ Data base connected success fully ✌️',
  level: 'info',
  label: 'right now!',
  timestamp: '2025-01-15T15:24:40.022Z'
}
{
  message: 'Server is running on PORT 5000',
  level: 'info',
  label: 'right now!',
  timestamp: '2025-01-15T15:24:40.028Z'
}
{
  message: '✌️ Data base connected success fully ✌️',
  level: 'info',
  label: 'right now!',
  timestamp: '2025-01-15T15:44:03.842Z'
}
{
  message: 'Server is running on PORT 5000',
  level: 'info',
  label: 'right now!',
  timestamp: '2025-01-15T15:44:03.848Z'
}
