{
  message: '✌️ Data base connected success fully ✌️',
  level: 'info',
  label: 'right now!',
  timestamp: '2025-01-17T16:01:40.490Z'
}
{
  message: '⛳ Server is running on PORT 5000 ⛳',
  level: 'info',
  label: 'right now!',
  timestamp: '2025-01-17T16:01:40.497Z'
}
{
  message: '✌️ Data base connected success fully ✌️',
  level: 'info',
  label: 'right now!',
  timestamp: '2025-01-17T16:07:55.109Z'
}
{
  message: '⛳ Server is running on PORT 5000 ⛳',
  level: 'info',
  label: 'right now!',
  timestamp: '2025-01-17T16:07:55.115Z'
}
{
  message: '✌️ Data base connected success fully ✌️',
  level: 'info',
  label: 'right now!',
  timestamp: '2025-01-17T16:13:44.196Z'
}
{
  message: '⛳ Server is running on PORT 5000 ⛳',
  level: 'info',
  label: 'right now!',
  timestamp: '2025-01-17T16:13:44.203Z'
}
{
  message: '✌️ Data base connected success fully ✌️',
  level: 'info',
  label: 'right now!',
  timestamp: '2025-01-17T16:19:33.591Z'
}
{
  message: '⛳ Server is running on PORT 5000 ⛳',
  level: 'info',
  label: 'right now!',
  timestamp: '2025-01-17T16:19:33.598Z'
}
{
  message: '✌️ Data base connected success fully ✌️',
  level: 'info',
  label: 'right now!',
  timestamp: '2025-01-17T16:20:10.628Z'
}
{
  message: '⛳ Server is running on PORT 5000 ⛳',
  level: 'info',
  label: 'right now!',
  timestamp: '2025-01-17T16:20:10.635Z'
}
{
  message: '✌️ Data base connected success fully ✌️',
  level: 'info',
  label: 'right now!',
  timestamp: '2025-01-17T16:24:20.968Z'
}
{
  message: '⛳ Server is running on PORT 5000 ⛳',
  level: 'info',
  label: 'right now!',
  timestamp: '2025-01-17T16:24:20.974Z'
}
{
  message: '✌️ Data base connected success fully ✌️',
  level: 'info',
  label: 'right now!',
  timestamp: '2025-01-17T16:34:28.419Z'
}
{
  message: '⛳ Server is running on PORT 5000 ⛳',
  level: 'info',
  label: 'right now!',
  timestamp: '2025-01-17T16:34:28.425Z'
}
{
  message: '✌️ Data base connected success fully ✌️',
  level: 'info',
  label: 'right now!',
  timestamp: '2025-01-17T16:37:36.198Z'
}
{
  message: '⛳ Server is running on PORT 5000 ⛳',
  level: 'info',
  label: 'right now!',
  timestamp: '2025-01-17T16:37:36.206Z'
}
{
  message: '✌️ Data base connected success fully ✌️',
  level: 'info',
  label: 'right now!',
  timestamp: '2025-01-17T16:42:28.941Z'
}
{
  message: '⛳ Server is running on PORT 5000 ⛳',
  level: 'info',
  label: 'right now!',
  timestamp: '2025-01-17T16:42:28.948Z'
}
{
  message: '✌️ Data base connected success fully ✌️',
  level: 'info',
  label: 'right now!',
  timestamp: '2025-01-17T16:43:05.537Z'
}
{
  message: '⛳ Server is running on PORT 5000 ⛳',
  level: 'info',
  label: 'right now!',
  timestamp: '2025-01-17T16:43:05.543Z'
}
{
  message: '✌️ Data base connected success fully ✌️',
  level: 'info',
  label: 'right now!',
  timestamp: '2025-01-17T16:59:13.608Z'
}
