{
  message: '✌️ Data base connected success fully ✌️',
  level: 'info',
  label: 'right now!',
  timestamp: '2025-01-22T18:00:26.148Z'
}
{
  message: '⛳ Server is running on PORT 7000 ⛳',
  level: 'info',
  label: 'right now!',
  timestamp: '2025-01-22T18:00:26.155Z'
}
{
  message: '✌️ Data base connected success fully ✌️',
  level: 'info',
  label: 'right now!',
  timestamp: '2025-01-22T18:02:31.870Z'
}
{
  message: '⛳ Server is running on PORT 7000 ⛳',
  level: 'info',
  label: 'right now!',
  timestamp: '2025-01-22T18:02:31.876Z'
}
{
  message: '✌️ Data base connected success fully ✌️',
  level: 'info',
  label: 'right now!',
  timestamp: '2025-01-22T18:05:24.666Z'
}
{
  message: '⛳ Server is running on PORT 7000 ⛳',
  level: 'info',
  label: 'right now!',
  timestamp: '2025-01-22T18:05:24.672Z'
}
{
  message: '✌️ Data base connected success fully ✌️',
  level: 'info',
  label: 'right now!',
  timestamp: '2025-01-22T18:09:16.473Z'
}
{
  message: '⛳ Server is running on PORT 7000 ⛳',
  level: 'info',
  label: 'right now!',
  timestamp: '2025-01-22T18:09:16.480Z'
}
{
  message: '✌️ Data base connected success fully ✌️',
  level: 'info',
  label: 'right now!',
  timestamp: '2025-01-22T18:13:30.355Z'
}
{
  message: '⛳ Server is running on PORT 7000 ⛳',
  level: 'info',
  label: 'right now!',
  timestamp: '2025-01-22T18:13:30.362Z'
}
{
  message: '✌️ Data base connected success fully ✌️',
  level: 'info',
  label: 'right now!',
  timestamp: '2025-01-22T18:14:03.206Z'
}
{
  message: '⛳ Server is running on PORT 7000 ⛳',
  level: 'info',
  label: 'right now!',
  timestamp: '2025-01-22T18:14:03.212Z'
}
{
  message: '✌️ Data base connected success fully ✌️',
  level: 'info',
  label: 'right now!',
  timestamp: '2025-01-22T18:14:58.805Z'
}
{
  message: '⛳ Server is running on PORT 7000 ⛳',
  level: 'info',
  label: 'right now!',
  timestamp: '2025-01-22T18:14:58.812Z'
}
{
  message: '✌️ Data base connected success fully ✌️',
  level: 'info',
  label: 'right now!',
  timestamp: '2025-01-22T18:19:06.002Z'
}
{
  message: '⛳ Server is running on PORT 7000 ⛳',
  level: 'info',
  label: 'right now!',
  timestamp: '2025-01-22T18:19:06.008Z'
}
{
  message: '✌️ Data base connected success fully ✌️',
  level: 'info',
  label: 'right now!',
  timestamp: '2025-01-22T18:20:27.821Z'
}
{
  message: '⛳ Server is running on PORT 7000 ⛳',
  level: 'info',
  label: 'right now!',
  timestamp: '2025-01-22T18:20:27.826Z'
}
{
  message: '✌️ Data base connected success fully ✌️',
  level: 'info',
  label: 'right now!',
  timestamp: '2025-01-22T18:22:20.960Z'
}
{
  message: '⛳ Server is running on PORT 7000 ⛳',
  level: 'info',
  label: 'right now!',
  timestamp: '2025-01-22T18:22:20.968Z'
}
{
  message: '✌️ Data base connected success fully ✌️',
  level: 'info',
  label: 'right now!',
  timestamp: '2025-01-22T18:26:21.662Z'
}
{
  message: '⛳ Server is running on PORT 7000 ⛳',
  level: 'info',
  label: 'right now!',
  timestamp: '2025-01-22T18:26:21.672Z'
}
