{
  code: 'EADDRINUSE',
  errno: -4091,
  syscall: 'listen',
  address: '::',
  port: 5000,
  level: 'error',
  label: 'right meow!',
  timestamp: '2025-01-07T19:46:58.577Z'
}
{
  code: 'EADDRINUSE',
  errno: -4091,
  syscall: 'listen',
  address: '::',
  port: 5000,
  level: 'error',
  label: 'right meow!',
  timestamp: '2025-01-07T19:47:24.377Z'
}
{
  code: 'EADDRINUSE',
  errno: -4091,
  syscall: 'listen',
  address: '::',
  port: 8000,
  level: 'error',
  label: 'right meow!',
  timestamp: '2025-01-07T19:47:45.319Z'
}
{
  code: 'EADDRINUSE',
  errno: -4091,
  syscall: 'listen',
  address: '::',
  port: 5000,
  level: 'error',
  label: 'right meow!',
  timestamp: '2025-01-07T19:47:56.650Z'
}
{
  code: 'EADDRINUSE',
  errno: -4091,
  syscall: 'listen',
  address: '::',
  port: 5000,
  level: 'error',
  label: 'right meow!',
  timestamp: '2025-01-07T19:58:48.363Z'
}
