{
  code: 'EADDRINUSE',
  errno: -4091,
  syscall: 'listen',
  address: '::',
  port: 5000,
  level: 'error',
  label: 'right meow!',
  timestamp: '2025-01-15T16:52:21.047Z'
}
{
  code: 'EADDRINUSE',
  errno: -4091,
  syscall: 'listen',
  address: '::',
  port: 5000,
  level: 'error',
  label: 'right meow!',
  timestamp: '2025-01-15T16:53:41.244Z'
}
{
  code: 'EADDRINUSE',
  errno: -4091,
  syscall: 'listen',
  address: '::',
  port: 5000,
  level: 'error',
  label: 'right meow!',
  timestamp: '2025-01-15T16:54:14.755Z'
}
{
  code: 'EADDRINUSE',
  errno: -4091,
  syscall: 'listen',
  address: '::',
  port: 5000,
  level: 'error',
  label: 'right meow!',
  timestamp: '2025-01-15T16:58:46.868Z'
}
{
  code: 'EADDRINUSE',
  errno: -4091,
  syscall: 'listen',
  address: '::',
  port: 5000,
  level: 'error',
  label: 'right meow!',
  timestamp: '2025-01-15T16:59:37.207Z'
}
